[debug] [2024-05-15T03:13:49.558Z] ----------------------------------------------------------------------
[debug] [2024-05-15T03:13:49.560Z] Command:       C:\Program Files\nodejs\node.exe C:\Users\Arami\AppData\Roaming\npm\node_modules\firebase-tools\lib\bin\firebase.js init
[debug] [2024-05-15T03:13:49.560Z] CLI Version:   13.9.0
[debug] [2024-05-15T03:13:49.560Z] Platform:      win32
[debug] [2024-05-15T03:13:49.560Z] Node Version:  v20.13.1
[debug] [2024-05-15T03:13:49.560Z] Time:          Tue May 14 2024 22:13:49 GMT-0500 (hora estándar oriental)
[debug] [2024-05-15T03:13:49.560Z] ----------------------------------------------------------------------
[debug] 
[debug] [2024-05-15T03:13:49.599Z] > command requires scopes: ["email","openid","https://www.googleapis.com/auth/cloudplatformprojects.readonly","https://www.googleapis.com/auth/firebase","https://www.googleapis.com/auth/cloud-platform"]
[debug] [2024-05-15T03:13:49.600Z] > authorizing via signed-in user (a.heredia@dappertechnologies.com)
[info] 
     ######## #### ########  ######## ########     ###     ######  ########
     ##        ##  ##     ## ##       ##     ##  ##   ##  ##       ##
     ######    ##  ########  ######   ########  #########  ######  ######
     ##        ##  ##    ##  ##       ##     ## ##     ##       ## ##
     ##       #### ##     ## ######## ########  ##     ##  ######  ########

You're about to initialize a Firebase project in this directory:

  C:\Users\Arami\OneDrive\Documentos\GitHub\Evidencia3

Before we get started, keep in mind:

  * You are initializing within an existing Firebase project directory

[info] 
=== Project Setup
[info] 
[info] First, let's associate this project directory with a Firebase project.
[info] You can create multiple project aliases by running firebase use --add, 
[info] but for now we'll just set up a default project.
[info] 
[debug] [2024-05-15T03:14:04.787Z] Using project from CLI flag: xerarch-strategies
[debug] [2024-05-15T03:14:04.788Z] >>> [apiv2][query] GET https://firebase.googleapis.com/v1beta1/projects/xerarch-strategies [none]
[debug] [2024-05-15T03:14:05.204Z] <<< [apiv2][status] GET https://firebase.googleapis.com/v1beta1/projects/xerarch-strategies 403
[debug] [2024-05-15T03:14:05.204Z] <<< [apiv2][body] GET https://firebase.googleapis.com/v1beta1/projects/xerarch-strategies {"error":{"code":403,"message":"The caller does not have permission","status":"PERMISSION_DENIED"}}
[debug] [2024-05-15T03:14:05.205Z] HTTP Error: 403, The caller does not have permission
[debug] [2024-05-15T03:14:05.205Z] FirebaseError: HTTP Error: 403, The caller does not have permission
    at responseToError (C:\Users\Arami\AppData\Roaming\npm\node_modules\firebase-tools\lib\responseToError.js:49:12)
    at RetryOperation._fn (C:\Users\Arami\AppData\Roaming\npm\node_modules\firebase-tools\lib\apiv2.js:305:77)
    at process.processTicksAndRejections (node:internal/process/task_queues:95:5)
[error] 
[error] Error: Failed to get Firebase project xerarch-strategies. Please make sure the project exists and your account has permission to access it.
